<?xml version="1.0" encoding="UTF-8"?>
<!-- Generated by org.testng.reporters.JUnitReportReporter -->
<testsuite skipped="0" hostname="Dell-PC" name="com.testPackage.InvocationCountTest" tests="10" failures="0" timestamp="14 Dec 2018 08:17:05 GMT" time="0.037" errors="0">
  <testcase name="sum" time="0.002" classname="com.testPackage.InvocationCountTest"/>
  <testcase name="sum" time="0.003" classname="com.testPackage.InvocationCountTest"/>
  <testcase name="sum" time="0.002" classname="com.testPackage.InvocationCountTest"/>
  <testcase name="sum" time="0.002" classname="com.testPackage.InvocationCountTest"/>
  <testcase name="sum" time="0.017" classname="com.testPackage.InvocationCountTest"/>
  <testcase name="sum" time="0.002" classname="com.testPackage.InvocationCountTest"/>
  <testcase name="sum" time="0.003" classname="com.testPackage.InvocationCountTest"/>
  <testcase name="sum" time="0.002" classname="com.testPackage.InvocationCountTest"/>
  <testcase name="sum" time="0.002" classname="com.testPackage.InvocationCountTest"/>
  <testcase name="sum" time="0.002" classname="com.testPackage.InvocationCountTest"/>
</testsuite> <!-- com.testPackage.InvocationCountTest -->
