<?xml version="1.0" encoding="UTF-8"?>
<!-- Generated by org.testng.reporters.JUnitReportReporter -->
<testsuite skipped="0" hostname="Dell-PC" name="com.testPackage.ExceptionsTimeoutMethod" tests="1" failures="0" timestamp="14 Dec 2018 09:23:05 GMT" time="0.020" errors="0">
  <testcase name="test1" time="0.020" classname="com.testPackage.ExceptionsTimeoutMethod"/>
</testsuite> <!-- com.testPackage.ExceptionsTimeoutMethod -->
