<?xml version="1.0" encoding="UTF-8"?>
<!-- Generated by org.testng.reporters.JUnitReportReporter -->
<testsuite skipped="0" hostname="Dell-PC" name="com.testPackage.GoogleTest" tests="6" failures="0" timestamp="14 Dec 2018 07:57:33 GMT" time="44.306" errors="0">
  <testcase name="titleTest" time="6.961" classname="com.testPackage.GoogleTest"/>
  <testcase name="logoTest" time="7.232" classname="com.testPackage.GoogleTest"/>
  <testcase name="maillinkText" time="7.401" classname="com.testPackage.GoogleTest"/>
  <testcase name="test1" time="8.135" classname="com.testPackage.GoogleTest"/>
  <testcase name="test2" time="7.293" classname="com.testPackage.GoogleTest"/>
  <testcase name="test3" time="7.284" classname="com.testPackage.GoogleTest"/>
</testsuite> <!-- com.testPackage.GoogleTest -->
