<?xml version="1.0" encoding="UTF-8"?>
<!-- Generated by org.testng.reporters.JUnitReportReporter -->
<testsuite skipped="0" hostname="Dell-PC" name="com.testPackage.TestNgBasics" tests="1" failures="0" timestamp="14 Dec 2018 06:57:43 GMT" time="0.008" errors="0">
  <testcase name="googleTitleTest" time="0.008" classname="com.testPackage.TestNgBasics"/>
</testsuite> <!-- com.testPackage.TestNgBasics -->
